app/build/intermediates/proguard-rules/release/aapt_rules.txt
# Referenced at processReleaseManifest\merged\AndroidManifest.xml:330
-keep class com.google.android.gms.common.api.GoogleApiActivity { <init>(...); }
# Referenced at processReleaseManifest\merged\AndroidManifest.xml:284
-keep class com.google.android.gms.measurement.AppMeasurementInstallReferrerReceiver { <init>(...); }
# Referenced at processReleaseManifest\merged\AndroidManifest.xml:298
-keep class com.google.android.gms.measurement.AppMeasurementJobService { <init>(...); }
# Referenced at processReleaseManifest\merged\AndroidManifest.xml:279
-keep class com.google.android.gms.measurement.AppMeasurementReceiver { <init>(...); }
# Referenced at processReleaseManifest\merged\AndroidManifest.xml:294
-keep class com.google.android.gms.measurement.AppMeasurementService { <init>(...); }
# Referenced at processReleaseManifest\merged\AndroidManifest.xml:268
-keep class com.google.firebase.components.ComponentDiscoveryService { <init>(...); }
# Referenced at processReleaseManifest\merged\AndroidManifest.xml:304
-keep class com.google.firebase.iid.FirebaseInstanceIdReceiver { <init>(...); }
# Referenced at processReleaseManifest\merged\AndroidManifest.xml:316
-keep class com.google.firebase.iid.FirebaseInstanceIdService { <init>(...); }
# Referenced at processReleaseManifest\merged\AndroidManifest.xml:261
-keep class com.google.firebase.messaging.FirebaseMessagingService { <init>(...); }
# Referenced at processReleaseManifest\merged\AndroidManifest.xml:324
-keep class com.google.firebase.provider.FirebaseInitProvider { <init>(...); }
# Referenced at processReleaseManifest\merged\AndroidManifest.xml:253
-keep class com.nbsp.materialfilepicker.ui.FilePickerActivity { <init>(...); }
# Referenced at processReleaseManifest\merged\AndroidManifest.xml:243
-keep class com.schoolmgmtsys.root.ssg.Notifications.MyFirebaseInstanceIDService { <init>(...); }
# Referenced at processReleaseManifest\merged\AndroidManifest.xml:238
-keep class com.schoolmgmtsys.root.ssg.Notifications.MyFirebaseMessagingService { <init>(...); }
# Referenced at processReleaseManifest\merged\AndroidManifest.xml:51
-keep class com.schoolmgmtsys.root.ssg.app.AssignmentAddNew { <init>(...); }
# Referenced at processReleaseManifest\merged\AndroidManifest.xml:193
-keep class com.schoolmgmtsys.root.ssg.app.AssignmentsPage { <init>(...); }
# Referenced at processReleaseManifest\merged\AndroidManifest.xml:116
-keep class com.schoolmgmtsys.root.ssg.app.AttendancePage { <init>(...); }
# Referenced at processReleaseManifest\merged\AndroidManifest.xml:132
-keep class com.schoolmgmtsys.root.ssg.app.AttendanceStatPage { <init>(...); }
# Referenced at processReleaseManifest\merged\AndroidManifest.xml:83
-keep class com.schoolmgmtsys.root.ssg.app.CalenderItemPage { <init>(...); }
# Referenced at processReleaseManifest\merged\AndroidManifest.xml:173
-keep class com.schoolmgmtsys.root.ssg.app.CalenderPage { <init>(...); }
# Referenced at processReleaseManifest\merged\AndroidManifest.xml:213
-keep class com.schoolmgmtsys.root.ssg.app.ClassesPage { <init>(...); }
# Referenced at processReleaseManifest\merged\AndroidManifest.xml:153
-keep class com.schoolmgmtsys.root.ssg.app.ClassesSchPage { <init>(...); }
# Referenced at processReleaseManifest\merged\AndroidManifest.xml:201
-keep class com.schoolmgmtsys.root.ssg.app.ControlActivity { <init>(...); }
# Referenced at processReleaseManifest\merged\AndroidManifest.xml:205
-keep class com.schoolmgmtsys.root.ssg.app.DashboardPage { <init>(...); }
# Referenced at processReleaseManifest\merged\AndroidManifest.xml:87
-keep class com.schoolmgmtsys.root.ssg.app.DuePaymentsPage { <init>(...); }
# Referenced at processReleaseManifest\merged\AndroidManifest.xml:209
-keep class com.schoolmgmtsys.root.ssg.app.EventsPage { <init>(...); }
# Referenced at processReleaseManifest\merged\AndroidManifest.xml:67
-keep class com.schoolmgmtsys.root.ssg.app.EventsViewPage { <init>(...); }
# Referenced at processReleaseManifest\merged\AndroidManifest.xml:79
-keep class com.schoolmgmtsys.root.ssg.app.ExamDetails { <init>(...); }
# Referenced at processReleaseManifest\merged\AndroidManifest.xml:136
-keep class com.schoolmgmtsys.root.ssg.app.ExamMarkPage { <init>(...); }
# Referenced at processReleaseManifest\merged\AndroidManifest.xml:197
-keep class com.schoolmgmtsys.root.ssg.app.ExamsPage { <init>(...); }
# Referenced at processReleaseManifest\merged\AndroidManifest.xml:185
-keep class com.schoolmgmtsys.root.ssg.app.GradesPage { <init>(...); }
# Referenced at processReleaseManifest\merged\AndroidManifest.xml:47
-keep class com.schoolmgmtsys.root.ssg.app.HomeworkAddNew { <init>(...); }
# Referenced at processReleaseManifest\merged\AndroidManifest.xml:59
-keep class com.schoolmgmtsys.root.ssg.app.HomeworkPage { <init>(...); }
# Referenced at processReleaseManifest\merged\AndroidManifest.xml:55
-keep class com.schoolmgmtsys.root.ssg.app.HomeworkView { <init>(...); }
# Referenced at processReleaseManifest\merged\AndroidManifest.xml:145
-keep class com.schoolmgmtsys.root.ssg.app.HostelPage { <init>(...); }
# Referenced at processReleaseManifest\merged\AndroidManifest.xml:165
-keep class com.schoolmgmtsys.root.ssg.app.LibraryPage { <init>(...); }
# Referenced at processReleaseManifest\merged\AndroidManifest.xml:229
-keep class com.schoolmgmtsys.root.ssg.app.LoginPage { <init>(...); }
# Referenced at processReleaseManifest\merged\AndroidManifest.xml:124
-keep class com.schoolmgmtsys.root.ssg.app.MediaCenterPage { <init>(...); }
# Referenced at processReleaseManifest\merged\AndroidManifest.xml:234
-keep class com.schoolmgmtsys.root.ssg.app.MediaViewerPage { <init>(...); }
# Referenced at processReleaseManifest\merged\AndroidManifest.xml:161
-keep class com.schoolmgmtsys.root.ssg.app.NewsBoardPage { <init>(...); }
# Referenced at processReleaseManifest\merged\AndroidManifest.xml:71
-keep class com.schoolmgmtsys.root.ssg.app.NewsViewPage { <init>(...); }
# Referenced at processReleaseManifest\merged\AndroidManifest.xml:217
-keep class com.schoolmgmtsys.root.ssg.app.OnlineExamsPage { <init>(...); }
# Referenced at processReleaseManifest\merged\AndroidManifest.xml:181
-keep class com.schoolmgmtsys.root.ssg.app.ParentsPage { <init>(...); }
# Referenced at processReleaseManifest\merged\AndroidManifest.xml:63
-keep class com.schoolmgmtsys.root.ssg.app.PaymentInvoiceView { <init>(...); }
# Referenced at processReleaseManifest\merged\AndroidManifest.xml:225
-keep class com.schoolmgmtsys.root.ssg.app.PaymentsPage { <init>(...); }
# Referenced at processReleaseManifest\merged\AndroidManifest.xml:43
-keep class com.schoolmgmtsys.root.ssg.app.PolicyScreen { <init>(...); }
# Referenced at processReleaseManifest\merged\AndroidManifest.xml:91
-keep class com.schoolmgmtsys.root.ssg.app.SearchUserView { <init>(...); }
# Referenced at processReleaseManifest\merged\AndroidManifest.xml:189
-keep class com.schoolmgmtsys.root.ssg.app.SectionsPage { <init>(...); }
# Referenced at processReleaseManifest\merged\AndroidManifest.xml:99
-keep class com.schoolmgmtsys.root.ssg.app.SplashPage { <init>(...); }
# Referenced at processReleaseManifest\merged\AndroidManifest.xml:120
-keep class com.schoolmgmtsys.root.ssg.app.StaffAttendancePage { <init>(...); }
# Referenced at processReleaseManifest\merged\AndroidManifest.xml:128
-keep class com.schoolmgmtsys.root.ssg.app.StaffAttendanceStatPage { <init>(...); }
# Referenced at processReleaseManifest\merged\AndroidManifest.xml:95
-keep class com.schoolmgmtsys.root.ssg.app.StaticPagesPage { <init>(...); }
# Referenced at processReleaseManifest\merged\AndroidManifest.xml:75
-keep class com.schoolmgmtsys.root.ssg.app.StaticViewPage { <init>(...); }
# Referenced at processReleaseManifest\merged\AndroidManifest.xml:149
-keep class com.schoolmgmtsys.root.ssg.app.StudentAttendancePage { <init>(...); }
# Referenced at processReleaseManifest\merged\AndroidManifest.xml:177
-keep class com.schoolmgmtsys.root.ssg.app.StudentsPage { <init>(...); }
# Referenced at processReleaseManifest\merged\AndroidManifest.xml:157
-keep class com.schoolmgmtsys.root.ssg.app.StudyMaterialPage { <init>(...); }
# Referenced at processReleaseManifest\merged\AndroidManifest.xml:221
-keep class com.schoolmgmtsys.root.ssg.app.SubjectsPage { <init>(...); }
# Referenced at processReleaseManifest\merged\AndroidManifest.xml:169
-keep class com.schoolmgmtsys.root.ssg.app.TeachersPage { <init>(...); }
# Referenced at processReleaseManifest\merged\AndroidManifest.xml:141
-keep class com.schoolmgmtsys.root.ssg.app.TransportPage { <init>(...); }
# Referenced at processReleaseManifest\merged\AndroidManifest.xml:39
-keep class com.schoolmgmtsys.root.ssg.app.ViewImagePage { <init>(...); }
# Referenced at processReleaseManifest\merged\AndroidManifest.xml:112
-keep class com.schoolmgmtsys.root.ssg.messages.MessagesDialogsActivity { <init>(...); }
# Referenced at processReleaseManifest\merged\AndroidManifest.xml:108
-keep class com.schoolmgmtsys.root.ssg.messages.MessagesItemsActivity { <init>(...); }
# Referenced at processReleaseManifest\merged\AndroidManifest.xml:26
-keep class com.schoolmgmtsys.root.ssg.utils.App { <init>(...); }
# Referenced at processReleaseManifest\merged\AndroidManifest.xml:346
-keep class com.yanzhenjie.permission.FileProvider { <init>(...); }
# Referenced at processReleaseManifest\merged\AndroidManifest.xml:339
-keep class com.yanzhenjie.permission.PermissionActivity { <init>(...); }
# Referenced at res\layout\design_bottom_navigation_item.xml:27
-keep class android.support.design.internal.BaselineLayout { <init>(...); }

# Referenced at res\layout\design_navigation_item.xml:17
-keep class android.support.design.internal.NavigationMenuItemView { <init>(...); }

# Referenced at res\layout\design_navigation_menu.xml:17
-keep class android.support.design.internal.NavigationMenuView { <init>(...); }

# Referenced at release\layout\activity_file_picker.xml:9
-keep class android.support.design.widget.AppBarLayout { <init>(...); }

# Referenced at res\layout\design_text_input_password_icon.xml:18
-keep class android.support.design.widget.CheckableImageButton { <init>(...); }

# Referenced at res\layout\design_bottom_sheet_dialog.xml:26
-keep class android.support.design.widget.CoordinatorLayout { <init>(...); }

# Referenced at res\layout\mtrl_layout_snackbar.xml:18
# Referenced at res\layout\design_layout_snackbar.xml:18
-keep class android.support.design.widget.Snackbar$SnackbarLayout { <init>(...); }

# Referenced at res\layout\mtrl_layout_snackbar_include.xml:18
# Referenced at res\layout\design_layout_snackbar_include.xml:18
-keep class android.support.design.widget.SnackbarContentLayout { <init>(...); }

# Referenced at res\layout\page_media.xml:117
# Referenced at res\layout\page_dashboard.xml:39
# Referenced at res\layout\layout_media_fragment.xml:37
# Referenced at res\layout\classes_sch.xml:44
-keep class android.support.v4.view.ViewPager { <init>(...); }

# Referenced at res\layout\abc_alert_dialog_material.xml:41
-keep class android.support.v4.widget.NestedScrollView { <init>(...); }

# Referenced at release\layout\view_message_input.xml:13
-keep class android.support.v4.widget.Space { <init>(...); }

# Referenced at res\layout\abc_select_dialog_material.xml:23
-keep class android.support.v7.app.AlertController$RecycleListView { <init>(...); }

# Referenced at res\layout\abc_action_menu_item_layout.xml:17
-keep class android.support.v7.view.menu.ActionMenuItemView { <init>(...); }

# Referenced at res\layout\abc_expanded_menu_layout.xml:17
-keep class android.support.v7.view.menu.ExpandedMenuView { <init>(...); }

# Referenced at res\layout\abc_popup_menu_item_layout.xml:17
# Referenced at res\layout\abc_list_menu_item_layout.xml:17
# Referenced at res\layout\abc_cascading_menu_item_layout.xml:20
-keep class android.support.v7.view.menu.ListMenuItemView { <init>(...); }

# Referenced at res\layout\abc_screen_toolbar.xml:27
-keep class android.support.v7.widget.ActionBarContainer { <init>(...); }

# Referenced at res\layout\abc_screen_toolbar.xml:43
# Referenced at res\layout\abc_action_mode_bar.xml:19
-keep class android.support.v7.widget.ActionBarContextView { <init>(...); }

# Referenced at res\layout\abc_screen_toolbar.xml:17
-keep class android.support.v7.widget.ActionBarOverlayLayout { <init>(...); }

# Referenced at res\layout\abc_action_menu_layout.xml:17
-keep class android.support.v7.widget.ActionMenuView { <init>(...); }

# Referenced at res\layout\abc_activity_chooser_view.xml:19
-keep class android.support.v7.widget.ActivityChooserView$InnerLayout { <init>(...); }

# Referenced at res\layout\abc_alert_dialog_material.xml:18
-keep class android.support.v7.widget.AlertDialogLayout { <init>(...); }

# Referenced at res\layout\item_simple_text_multichoice.xml:2
-keep class android.support.v7.widget.AppCompatCheckedTextView { <init>(...); }

# Referenced at res\layout\dashborad_poll_vote_item.xml:12
-keep class android.support.v7.widget.AppCompatRadioButton { <init>(...); }

# Referenced at res\layout\abc_alert_dialog_button_bar_material.xml:26
-keep class android.support.v7.widget.ButtonBarLayout { <init>(...); }

# Referenced at res\layout\page_users_search_view.xml:26
# Referenced at res\layout\page_transport_list_item.xml:7
# Referenced at res\layout\page_teachers_list_item.xml:8
# Referenced at res\layout\page_teachers_approve_item.xml:7
# Referenced at res\layout\page_subjects_list_item.xml:7
# Referenced at res\layout\page_students_list_item.xml:8
# Referenced at res\layout\page_students_attend_item.xml:6
# Referenced at res\layout\page_students_approve_item.xml:6
# Referenced at res\layout\page_student_attendance_item.xml:8
# Referenced at res\layout\page_static_view.xml:22
# Referenced at res\layout\page_static_list_item.xml:8
# Referenced at res\layout\page_staff_attendance_stat_list_item.xml:7
# Referenced at res\layout\page_sections_parent.xml:7
# Referenced at res\layout\page_sections_child.xml:7
# Referenced at res\layout\page_search_view.xml:8
# Referenced at res\layout\page_search_user_result_item.xml:7
# Referenced at res\layout\page_payment_invoice_view.xml:224
# Referenced at res\layout\page_pay_list_item.xml:8
# Referenced at res\layout\page_parents_list_item.xml:7
# Referenced at res\layout\page_parents_attend_item.xml:7
# Referenced at res\layout\page_parents_approve_item.xml:6
# Referenced at res\layout\page_online_exams_list_item.xml:8
# Referenced at res\layout\page_online_exam_marks_item.xml:6
# Referenced at res\layout\page_news_view.xml:84
# Referenced at res\layout\page_news_list_item.xml:8
# Referenced at res\layout\page_material_list_item.xml:8
# Referenced at res\layout\page_marksheet_list_item.xml:7
# Referenced at res\layout\page_marksheet_detail_list.xml:7
# Referenced at res\layout\page_library_list_item.xml:9
# Referenced at res\layout\page_hostel_list_item.xml:7
# Referenced at res\layout\page_homework_view.xml:159
# Referenced at res\layout\page_homework_list_item.xml:8
# Referenced at res\layout\page_grades_list_item.xml:7
# Referenced at res\layout\page_exams_list_item.xml:8
# Referenced at res\layout\page_exam_mark_list_item.xml:9
# Referenced at res\layout\page_events_view.xml:85
# Referenced at res\layout\page_events_list_item.xml:7
# Referenced at res\layout\page_dash_lead.xml:7
# Referenced at res\layout\page_classes_sch_adap_item.xml:7
# Referenced at res\layout\page_classes_list_item.xml:8
# Referenced at res\layout\page_calender_item.xml:7
# Referenced at res\layout\page_attendance_stat_list_item.xml:8
# Referenced at res\layout\page_assign_list_item.xml:8
# Referenced at res\layout\page_assign_answers_item.xml:8
# Referenced at res\layout\layout_media_fragment_item.xml:2
# Referenced at res\layout\calendar_list_item.xml:9
-keep class android.support.v7.widget.CardView { <init>(...); }

# Referenced at res\layout\abc_screen_content_include.xml:19
-keep class android.support.v7.widget.ContentFrameLayout { <init>(...); }

# Referenced at res\layout\abc_alert_dialog_title_material.xml:45
-keep class android.support.v7.widget.DialogTitle { <init>(...); }

# Referenced at res\layout\abc_screen_simple_overlay_action_mode.xml:23
-keep class android.support.v7.widget.FitWindowsFrameLayout { <init>(...); }

# Referenced at res\layout\abc_screen_simple.xml:17
# Referenced at res\layout\abc_dialog_title_material.xml:22
-keep class android.support.v7.widget.FitWindowsLinearLayout { <init>(...); }

# Referenced at res\layout\page_dash_lead.xml:14
-keep class android.support.v7.widget.RecyclerView { <init>(...); }

# Referenced at res\layout\abc_search_view.xml:75
-keep class android.support.v7.widget.SearchView$SearchAutoComplete { <init>(...); }

# Referenced at release\layout\activity_file_picker.xml:15
# Referenced at res\layout\abc_screen_toolbar.xml:36
-keep class android.support.v7.widget.Toolbar { <init>(...); }

# Referenced at res\layout\abc_screen_simple_overlay_action_mode.xml:32
# Referenced at res\layout\abc_screen_simple.xml:25
-keep class android.support.v7.widget.ViewStubCompat { <init>(...); }

# Referenced at res\layout\abc_alert_dialog_title_material.xml:56
# Referenced at res\layout\abc_alert_dialog_material.xml:52
# Referenced at res\layout\abc_alert_dialog_button_bar_material.xml:43
-keep class android.widget.Space { <init>(...); }

# Referenced at release\layout\alert_dialog.xml:76
-keep class cn.pedant.SweetAlert.SuccessTickView { <init>(...); }

# Referenced at res\layout\dashborad_poll_results_item.xml:55
-keep class com.daasuu.cat.CountAnimationTextView { <init>(...); }

# Referenced at res\layout\page_users_search_view.xml:70
# Referenced at res\layout\page_staff_attendance_select.xml:72
# Referenced at res\layout\page_search_view.xml:46
# Referenced at res\layout\page_login.xml:97
# Referenced at res\layout\page_homework_add_new.xml:166
# Referenced at res\layout\page_exam_mark_select.xml:64
# Referenced at res\layout\page_classes_sch_choose.xml:45
# Referenced at res\layout\page_attendance_select.xml:112
# Referenced at res\layout\page_assign_add_new.xml:117
-keep class com.dd.processbutton.iml.ActionProcessButton { <init>(...); }

# Referenced at res\layout\page_dashboard.xml:27
-keep class com.flyco.tablayout.CommonTabLayout { <init>(...); }

# Referenced at release\layout\layout_tab_top.xml:29
# Referenced at release\layout\layout_tab_segment.xml:24
# Referenced at release\layout\layout_tab_right.xml:30
# Referenced at release\layout\layout_tab_left.xml:29
# Referenced at release\layout\layout_tab_bottom.xml:30
# Referenced at release\layout\layout_tab.xml:17
-keep class com.flyco.tablayout.widget.MsgView { <init>(...); }

# Referenced at res\layout\dialog_file_list_item.xml:48
-keep class com.github.angads25.filepicker.widget.MaterialCheckbox { <init>(...); }

# Referenced at release\layout\item_outcoming_text_message.xml:11
# Referenced at release\layout\item_incoming_text_message.xml:19
-keep class com.google.android.flexbox.FlexboxLayout { <init>(...); }

# Referenced at release\layout\slidingmenumain.xml:2
-keep class com.jeremyfeinstein.slidingmenu.lib.SlidingMenu { <init>(...); }

# Referenced at res\layout\dashborad_poll_results_item.xml:81
-keep class com.liulishuo.magicprogresswidget.MagicProgressBar { <init>(...); }

# Referenced at res\layout\page_users_search_view.xml:61
# Referenced at res\layout\page_search_view.xml:37
# Referenced at res\layout\page_login.xml:61
# Referenced at res\layout\page_homework_add_new.xml:32
# Referenced at res\layout\page_exam_mark_list_item.xml:133
# Referenced at res\layout\page_assign_add_new.xml:32
-keep class com.marvinlabs.widget.floatinglabel.edittext.FloatingLabelEditText { <init>(...); }

# Referenced at res\layout\page_homework_add_new.xml:193
# Referenced at res\layout\page_exam_mark_select.xml:25
# Referenced at res\layout\page_classes_sch_choose.xml:18
# Referenced at res\layout\page_attendance_select.xml:28
# Referenced at res\layout\page_assign_add_new.xml:145