app/build/outputs/mapping/release/seeds.txt
com.schoolmgmtsys.root.ssg.Notifications.MyFirebaseInstanceIDService
com.schoolmgmtsys.root.ssg.Notifications.MyFirebaseInstanceIDService: MyFirebaseInstanceIDService()
com.schoolmgmtsys.root.ssg.Notifications.MyFirebaseMessagingService
com.schoolmgmtsys.root.ssg.Notifications.MyFirebaseMessagingService: MyFirebaseMessagingService()
com.schoolmgmtsys.root.ssg.R$anim: int abc_fade_in
com.schoolmgmtsys.root.ssg.R$anim: int abc_fade_out
com.schoolmgmtsys.root.ssg.R$anim: int abc_grow_fade_in_from_bottom
com.schoolmgmtsys.root.ssg.R$anim: int abc_popup_enter
com.schoolmgmtsys.root.ssg.R$anim: int abc_popup_exit
com.schoolmgmtsys.root.ssg.R$anim: int abc_shrink_fade_out_from_bottom
com.schoolmgmtsys.root.ssg.R$anim: int abc_slide_in_bottom
com.schoolmgmtsys.root.ssg.R$anim: int abc_slide_in_top
com.schoolmgmtsys.root.ssg.R$anim: int abc_slide_out_bottom
com.schoolmgmtsys.root.ssg.R$anim: int abc_slide_out_top
com.schoolmgmtsys.root.ssg.R$anim: int abc_tooltip_enter
com.schoolmgmtsys.root.ssg.R$anim: int abc_tooltip_exit
com.schoolmgmtsys.root.ssg.R$anim: int design_bottom_sheet_slide_in
com.schoolmgmtsys.root.ssg.R$anim: int design_bottom_sheet_slide_out
com.schoolmgmtsys.root.ssg.R$anim: int design_snackbar_in
com.schoolmgmtsys.root.ssg.R$anim: int design_snackbar_out
com.schoolmgmtsys.root.ssg.R$anim: int error_frame_in
com.schoolmgmtsys.root.ssg.R$anim: int error_x_in
com.schoolmgmtsys.root.ssg.R$anim: int fade_in_center
com.schoolmgmtsys.root.ssg.R$anim: int fade_out_center
com.schoolmgmtsys.root.ssg.R$anim: int fadein
com.schoolmgmtsys.root.ssg.R$anim: int fadeout
com.schoolmgmtsys.root.ssg.R$anim: int marked_item_animation
com.schoolmgmtsys.root.ssg.R$anim: int modal_in
com.schoolmgmtsys.root.ssg.R$anim: int modal_out
com.schoolmgmtsys.root.ssg.R$anim: int rotate_down
com.schoolmgmtsys.root.ssg.R$animator: int design_appbar_state_list_animator
com.schoolmgmtsys.root.ssg.R$animator: int design_fab_hide_motion_spec
com.schoolmgmtsys.root.ssg.R$animator: int design_fab_show_motion_spec
com.schoolmgmtsys.root.ssg.R$animator: int mtrl_btn_state_list_anim
com.schoolmgmtsys.root.ssg.R$animator: int mtrl_btn_unelevated_state_list_anim
com.schoolmgmtsys.root.ssg.R$animator: int mtrl_chip_state_list_anim
com.schoolmgmtsys.root.ssg.R$animator: int mtrl_fab_hide_motion_spec
com.schoolmgmtsys.root.ssg.R$animator: int mtrl_fab_show_motion_spec
com.schoolmgmtsys.root.ssg.R$animator: int mtrl_fab_transformation_sheet_collapse_spec
com.schoolmgmtsys.root.ssg.R$animator: int mtrl_fab_transformation_sheet_expand_spec
com.schoolmgmtsys.root.ssg.R$array: int days
com.schoolmgmtsys.root.ssg.R$array: int file_choices
com.schoolmgmtsys.root.ssg.R$array: int gender_vals
com.schoolmgmtsys.root.ssg.R$array: int static_pages_status_vals
...
android.support.design.internal.FlowLayout
android.support.design.internal.FlowLayout: FlowLayout(android.content.Context)
android.support.design.internal.FlowLayout: FlowLayout(android.content.Context,android.util.AttributeSet)
android.support.design.internal.FlowLayout: FlowLayout(android.content.Context,android.util.AttributeSet,int)
android.support.design.internal.FlowLayout: int getLineSpacing()
android.support.design.internal.FlowLayout: void setLineSpacing(int)
android.support.design.internal.FlowLayout: int getItemSpacing()
android.support.design.internal.FlowLayout: void setItemSpacing(int)
android.support.design.internal.FlowLayout: void setSingleLine(boolean)
android.support.design.internal.ForegroundLinearLayout
android.support.design.internal.ForegroundLinearLayout: ForegroundLinearLayout(android.content.Context)
android.support.design.internal.ForegroundLinearLayout: ForegroundLinearLayout(android.content.Context,android.util.AttributeSet)
android.support.design.internal.ForegroundLinearLayout: ForegroundLinearLayout(android.content.Context,android.util.AttributeSet,int)
android.support.design.internal.ForegroundLinearLayout: int getForegroundGravity()
android.support.design.internal.ForegroundLinearLayout: void setForegroundGravity(int)
android.support.design.internal.ForegroundLinearLayout: void setForeground(android.graphics.drawable.Drawable)
android.support.design.internal.ForegroundLinearLayout: android.graphics.drawable.Drawable getForeground()
android.support.design.internal.NavigationMenuItemView
android.support.design.internal.NavigationMenuItemView: NavigationMenuItemView(android.content.Context)
android.support.design.internal.NavigationMenuItemView: NavigationMenuItemView(android.content.Context,android.util.AttributeSet)
android.support.design.internal.NavigationMenuItemView: NavigationMenuItemView(android.content.Context,android.util.AttributeSet,int)
android.support.design.internal.NavigationMenuItemView: void setActionView(android.view.View)
android.support.design.internal.NavigationMenuItemView: android.support.v7.view.menu.MenuItemImpl getItemData()
android.support.design.internal.NavigationMenuItemView: void setTitle(java.lang.CharSequence)
android.support.design.internal.NavigationMenuItemView: void setCheckable(boolean)
android.support.design.internal.NavigationMenuItemView: void setChecked(boolean)
android.support.design.internal.NavigationMenuItemView: void setShortcut(boolean,char)
android.support.design.internal.NavigationMenuItemView: void setIcon(android.graphics.drawable.Drawable)
android.support.design.internal.NavigationMenuItemView: void setIconTintList(android.content.res.ColorStateList)
android.support.design.internal.NavigationMenuItemView: void setTextAppearance(int)
android.support.design.internal.NavigationMenuItemView: void setTextColor(android.content.res.ColorStateList)
android.support.design.internal.NavigationMenuItemView: void setNeedsEmptyIcon(boolean)
android.support.design.internal.NavigationMenuView
android.support.design.internal.NavigationMenuView: NavigationMenuView(android.content.Context)
android.support.design.internal.NavigationMenuView: NavigationMenuView(android.content.Context,android.util.AttributeSet)
android.support.design.internal.NavigationMenuView: NavigationMenuView(android.content.Context,android.util.AttributeSet,int)
android.support.design.internal.NavigationMenuView: int getWindowAnimations()
android.support.design.internal.ParcelableSparseArray
android.support.design.internal.ParcelableSparseArray: android.os.Parcelable$Creator CREATOR