app/build/outputs/mapping/release/usage.txt
com.schoolmgmtsys.root.ssg.BuildConfig
com.schoolmgmtsys.root.ssg.Notifications.MyFirebaseMessagingService:
    96:96:public static java.lang.String getToken(android.content.Context)
com.schoolmgmtsys.root.ssg.R:
    10:10:public R()
com.schoolmgmtsys.root.ssg.R$anim
com.schoolmgmtsys.root.ssg.R$animator
com.schoolmgmtsys.root.ssg.R$array
com.schoolmgmtsys.root.ssg.R$attr
com.schoolmgmtsys.root.ssg.R$bool
com.schoolmgmtsys.root.ssg.R$color
com.schoolmgmtsys.root.ssg.R$dimen
com.schoolmgmtsys.root.ssg.R$drawable
com.schoolmgmtsys.root.ssg.R$id
com.schoolmgmtsys.root.ssg.R$integer
com.schoolmgmtsys.root.ssg.R$interpolator
com.schoolmgmtsys.root.ssg.R$layout
com.schoolmgmtsys.root.ssg.R$menu
com.schoolmgmtsys.root.ssg.R$mipmap
com.schoolmgmtsys.root.ssg.R$raw
com.schoolmgmtsys.root.ssg.R$string
com.schoolmgmtsys.root.ssg.R$style
com.schoolmgmtsys.root.ssg.R$styleable:
    9645:9645:public R$styleable()
com.schoolmgmtsys.root.ssg.R$xml
com.schoolmgmtsys.root.ssg.app.AssignmentAddNew:
    private com.google.gson.JsonObject ValuesObject
    private java.util.HashMap statusIdentifier
    730:730:public void onInstantSelected(int,com.marvinlabs.widget.floatinglabel.instantpicker.Instant)
com.schoolmgmtsys.root.ssg.app.AssignmentsPage$13:
    public android.content.SharedPreferences Prefs
com.schoolmgmtsys.root.ssg.app.AttendancePage:
    private com.google.gson.JsonObject ValuesObject
    boolean attendance
    boolean fee
    boolean makeup
    640:640:public void onInstantSelected(int,com.marvinlabs.widget.floatinglabel.instantpicker.Instant)
com.schoolmgmtsys.root.ssg.app.AttendanceStatPage:
    412:415:public void changeStatus(android.view.View,java.lang.String)
com.schoolmgmtsys.root.ssg.app.CalenderPage:
    com.prolificinteractive.materialcalendarview.MaterialCalendarView widget
com.schoolmgmtsys.root.ssg.app.DashboardLeaderBoardFrag
com.schoolmgmtsys.root.ssg.app.DashboardLeaderBoardFrag$1
com.schoolmgmtsys.root.ssg.app.DashboardLeaderBoardFrag$2
com.schoolmgmtsys.root.ssg.app.DashboardStatFrag:
    private int mAssign
com.schoolmgmtsys.root.ssg.app.ExamMarkPage:
    private static com.orhanobut.dialogplus.ListHolder ListHolder
    private java.lang.String TOKEN
com.schoolmgmtsys.root.ssg.app.ExamsMarksChoose:
    private com.google.gson.JsonObject ValuesObject
    private java.util.HashMap attendanceItems
com.schoolmgmtsys.root.ssg.app.GradesPage:
    private static com.orhanobut.dialogplus.ListHolder ListHolder
com.schoolmgmtsys.root.ssg.app.HomeworkAddNew:
    765:765:public void onInstantSelected(int,com.marvinlabs.widget.floatinglabel.instantpicker.Instant)
com.schoolmgmtsys.root.ssg.app.HostelPage:
    private static com.orhanobut.dialogplus.ListHolder ListHolder
com.schoolmgmtsys.root.ssg.app.LoginPage$uploadToServer
com.schoolmgmtsys.root.ssg.app.MediaCenterFragment:
    private static final java.lang.String ARG_POSITION
    private static final java.lang.String ARG_TAB_NAME
    private static final java.lang.String ARG_DATA_LIST
com.schoolmgmtsys.root.ssg.app.MediaImageView:
    private java.lang.String TOKEN
com.schoolmgmtsys.root.ssg.app.OnlineExamsPage:
    private static com.orhanobut.dialogplus.ListHolder ListHolder
com.schoolmgmtsys.root.ssg.app.SearchUserView$8$1:
    public android.content.SharedPreferences Prefs
com.schoolmgmtsys.root.ssg.app.StaffAttendanceStatPage:
    private static com.orhanobut.dialogplus.ListHolder ListHolder
    private android.app.TimePickerDialog picker1
    private android.app.TimePickerDialog picker2
    private java.lang.String amPm
    private int hour
    private int minutes
    537:539:public void changeCheckinText(android.view.View,java.lang.String)
    542:544:public void changeCheckOutText(android.view.View,java.lang.String)
com.schoolmgmtsys.root.ssg.app.StudentAttendancePage:
    private static com.orhanobut.dialogplus.ListHolder ListHolder
...
cz.msebera.android.httpclient.impl.cookie.DateParseException
cz.msebera.android.httpclient.impl.cookie.DateUtils
cz.msebera.android.httpclient.impl.cookie.DefaultCookieSpec
cz.msebera.android.httpclient.impl.cookie.DefaultCookieSpecProvider
cz.msebera.android.httpclient.impl.cookie.DefaultCookieSpecProvider$1
cz.msebera.android.httpclient.impl.cookie.DefaultCookieSpecProvider$CompatibilityLevel
cz.msebera.android.httpclient.impl.cookie.IgnoreSpec
cz.msebera.android.httpclient.impl.cookie.IgnoreSpecFactory
cz.msebera.android.httpclient.impl.cookie.IgnoreSpecProvider
cz.msebera.android.httpclient.impl.cookie.LaxExpiresHandler
cz.msebera.android.httpclient.impl.cookie.LaxMaxAgeHandler
cz.msebera.android.httpclient.impl.cookie.NetscapeDomainHandler
cz.msebera.android.httpclient.impl.cookie.NetscapeDraftHeaderParser
cz.msebera.android.httpclient.impl.cookie.NetscapeDraftSpec
cz.msebera.android.httpclient.impl.cookie.NetscapeDraftSpecFactory
cz.msebera.android.httpclient.impl.cookie.NetscapeDraftSpecProvider
cz.msebera.android.httpclient.impl.cookie.PublicSuffixDomainFilter
cz.msebera.android.httpclient.impl.cookie.PublicSuffixFilter
cz.msebera.android.httpclient.impl.cookie.PublicSuffixListParser
cz.msebera.android.httpclient.impl.cookie.RFC2109DomainHandler
cz.msebera.android.httpclient.impl.cookie.RFC2109Spec
cz.msebera.android.httpclient.impl.cookie.RFC2109SpecFactory
cz.msebera.android.httpclient.impl.cookie.RFC2109SpecProvider
cz.msebera.android.httpclient.impl.cookie.RFC2109VersionHandler
cz.msebera.android.httpclient.impl.cookie.RFC2965CommentUrlAttributeHandler
cz.msebera.android.httpclient.impl.cookie.RFC2965DiscardAttributeHandler
cz.msebera.android.httpclient.impl.cookie.RFC2965DomainAttributeHandler
cz.msebera.android.httpclient.impl.cookie.RFC2965PortAttributeHandler
cz.msebera.android.httpclient.impl.cookie.RFC2965Spec
cz.msebera.android.httpclient.impl.cookie.RFC2965SpecFactory
cz.msebera.android.httpclient.impl.cookie.RFC2965SpecProvider
cz.msebera.android.httpclient.impl.cookie.RFC2965VersionAttributeHandler
cz.msebera.android.httpclient.impl.cookie.RFC6265CookieSpecBase
cz.msebera.android.httpclient.impl.cookie.RFC6265CookieSpecProvider
cz.msebera.android.httpclient.impl.cookie.RFC6265CookieSpecProvider$1
cz.msebera.android.httpclient.impl.cookie.RFC6265CookieSpecProvider$2
cz.msebera.android.httpclient.impl.cookie.RFC6265CookieSpecProvider$CompatibilityLevel
cz.msebera.android.httpclient.impl.cookie.RFC6265LaxSpec
cz.msebera.android.httpclient.impl.cookie.RFC6265StrictSpec
cz.msebera.android.httpclient.impl.entity.DisallowIdentityContentLengthStrategy
cz.msebera.android.httpclient.impl.entity.EntityDeserializer
cz.msebera.android.httpclient.impl.entity.EntitySerializer
cz.msebera.android.httpclient.impl.entity.LaxContentLengthStrategy
cz.msebera.android.httpclient.impl.entity.StrictContentLengthStrategy
cz.msebera.android.httpclient.impl.execchain.BackoffStrategyExec
cz.msebera.android.httpclient.impl.execchain.ClientExecChain
cz.msebera.android.httpclient.impl.execchain.ConnectionHolder
cz.msebera.android.httpclient.impl.execchain.HttpResponseProxy
cz.msebera.android.httpclient.impl.execchain.MainClientExec
cz.msebera.android.httpclient.impl.execchain.MinimalClientExec
cz.msebera.android.httpclient.impl.execchain.ProtocolExec
cz.msebera.android.httpclient.impl.execchain.RedirectExec
cz.msebera.android.httpclient.impl.execchain.RequestAbortedException
cz.msebera.android.httpclient.impl.execchain.RequestEntityProxy
cz.msebera.android.httpclient.impl.execchain.ResponseEntityProxy
cz.msebera.android.httpclient.impl.execchain.RetryExec
cz.msebera.android.httpclient.impl.execchain.ServiceUnavailableRetryExec
cz.msebera.android.httpclient.impl.execchain.TunnelRefusedException
cz.msebera.android.httpclient.impl.io.AbstractMessageParser
cz.msebera.android.httpclient.impl.io.AbstractMessageWriter
cz.msebera.android.httpclient.impl.io.AbstractSessionInputBuffer